2020-10-14 22:02:45,926 - instabot version: 0.117.0 (bot) - INFO - Instabot version: 0.117.0 Started
2020-10-14 22:02:45,927 - instabot version: 0.117.0 (bot) - DEBUG - Bot imported from C:\Users\godfa\PycharmProjects\pythonProject\venv\lib\site-packages\instabot\bot\bot.py
2020-10-14 22:02:45,938 - instabot version: 0.117.0 (api_login) - DEBUG - Loading cookies
2020-10-14 22:02:45,939 - instabot version: 0.117.0 (api_login) - DEBUG - Loading uuids
2020-10-14 22:02:45,939 - instabot version: 0.117.0 (api_login) - INFO - Recovery from C:\Users\godfa\PycharmProjects\pythonProject\catBot-for-Instagram/config/catapitest_uuid_and_cookie.json: COOKIE True - UUIDs True - TIMING, DEVICE and ...
- user-agent=Instagram 117.0.0.28.123 Android (28/9.0; 420dpi; 1080x1920; OnePlus; ONEPLUS A3003; OnePlus3; qcom; en_US; 180322800)
- phone_id=b4f0a89b-fc26-486e-b84c-f35988f903c8
- uuid=438b6bc5-7a40-4da2-8f46-2d0b7d789bb2
- client_session_id=9d3afbd3-fe5b-491f-b02e-408e12a19651
- device_id=android-527944cdf96cdc05
2020-10-14 22:02:45,940 - instabot version: 0.117.0 (api_login) - INFO - LOGIN FLOW! Just logged-in: False
2020-10-14 22:02:47,231 - instabot version: 0.117.0 (api) - DEBUG - POST to endpoint: feed/timeline/ returned response: <Response [200]>
2020-10-14 22:02:47,873 - instabot version: 0.117.0 (api) - DEBUG - POST to endpoint: feed/reels_tray/ returned response: <Response [200]>
2020-10-14 22:02:47,875 - instabot version: 0.117.0 (api) - INFO - Logged-in successfully as 'catapitest'!
2020-10-14 22:02:47,875 - instabot version: 0.117.0 (bot_checkpoint) - DEBUG - Loading Checkpoint file from: C:\Users\godfa\PycharmProjects\pythonProject\catBot-for-Instagram/config/catapitest.checkpoint
2020-10-14 22:03:11,861 - instabot version: 0.117.0 (api) - DEBUG - POST to endpoint: media/configure/? returned response: <Response [200]>
2020-10-14 22:03:12,321 - instabot version: 0.117.0 (api) - DEBUG - POST to endpoint: qe/expose/ returned response: <Response [200]>
2020-10-14 22:03:12,323 - instabot version: 0.117.0 (bot_photo) - INFO - Photo 'final.jpg' is uploaded.
2020-10-14 22:03:12,324 - instabot version: 0.117.0 (bot_checkpoint) - DEBUG - Saving Checkpoint file to: C:\Users\godfa\PycharmProjects\pythonProject\catBot-for-Instagram/config/catapitest.checkpoint
2020-10-14 22:03:12,324 - instabot version: 0.117.0 (bot) - INFO - Total requests: 37
